<?xml version="1.0" encoding="UTF-8"?>
<testsuite name="PingPongTest" tests="1" skipped="0" failures="0" errors="0" timestamp="2019-12-13T11:23:00" hostname="kamala-Satellite-E45DW-C" time="0.006">
  <properties/>
  <testcase name="runPingPong_countUpToOne_ArrayList" classname="PingPongTest" time="0.006"/>
  <system-out><![CDATA[]]></system-out>
  <system-err><![CDATA[]]></system-err>
</testsuite>
